    <uses-permission android:name="android.permission.ACCESS_NETWORK_STATE" />
    <uses-permission android:name="android.permission.WRITE_APN_SETTINGS" />
    <uses-permission android:name="android.permission.READ_PHONE_STATE" />
    <uses-permission android:name="android.permission.MODIFY_PHONE_STATE" />
	
	
	package com.lenovo.testapn;

import android.app.Activity;
import android.content.ContentResolver;
import android.content.ContentValues;
import android.content.Context;
import android.database.Cursor;
import android.net.Uri;
import android.os.Bundle;
import android.util.Log;
import android.view.Menu;

public class MainActivity extends Activity {

	private static final String TAG = "MainActivity";

	public static final Uri APN_URI = Uri.parse("content://telephony/carriers");

	// public static final Uri PREFERRED_APN_URI
	// =Uri.parse("PREFERRED_APN_URI&nbsp; PREFERRED_APN_URI&nbsp;");
	public static final Uri CURRENT_APN_URI = Uri
			.parse("content://telephony/carriers/preferapn");

	@Override
	protected void onCreate(Bundle savedInstanceState) {
		super.onCreate(savedInstanceState);
		setContentView(R.layout.activity_main);
		Log.d(TAG, "onCreate");
		checkAPN();
		// SetAPN(addAPN());
	}

	@Override
	public boolean onCreateOptionsMenu(Menu menu) {
		// Inflate the menu; this adds items to the action bar if it is present.
		getMenuInflater().inflate(R.menu.activity_main, menu);
		return true;
	}




}
